[ 2018-02-24T18:03:28+08:00 ] ::1 /time/index.php/Home/User/login
INFO: [ app_begin ] --START--
INFO: Run Behavior\ReadHtmlCacheBehavior [ RunTime:0.000631s ]
INFO: [ app_begin ] --END-- [ RunTime:0.001065s ]
NOTIC: [8192] mysql_connect(): The mysql extension is deprecated and will be removed in the future: use mysqli or PDO instead C:\wamp\www\time\ThinkPHP\Library\Think\Db\Driver\Mysql.class.php 第 52 行.
SQL: SHOW COLUMNS FROM `tp_loginfo` [ RunTime:0.004596s ]
SQL: SHOW COLUMNS FROM `tp_stubase` [ RunTime:0.004278s ]
SQL: SELECT * FROM `tp_stubase` WHERE ( stuid=1503150101 ) LIMIT 1   [ RunTime:0.000256s ]
SQL: INSERT INTO `tp_loginfo` (`stuid`,`stuname`,`nj`,`teacher`,`stuclass`,`logtime`) VALUES (1503150101,'曹永芳',15,'易阳','测控1501','2018-02-24 18:03:28') [ RunTime:0.015966s ]
SQL: SHOW COLUMNS FROM `tp_count` [ RunTime:0.046549s ]
SQL: SELECT * FROM `tp_count` WHERE ( id=0 ) LIMIT 1   [ RunTime:0.000212s ]
SQL: UPDATE `tp_count` SET `id`=0,`num`=118 WHERE ( id=0 ) [ RunTime:0.000266s ]

[ 2018-02-24T18:04:37+08:00 ] ::1 /time/index.php/Home/Time/timemanage
INFO: [ app_begin ] --START--
INFO: Run Behavior\ReadHtmlCacheBehavior [ RunTime:0.000899s ]
INFO: [ app_begin ] --END-- [ RunTime:0.001596s ]
NOTIC: [8192] mysql_connect(): The mysql extension is deprecated and will be removed in the future: use mysqli or PDO instead C:\wamp\www\time\ThinkPHP\Library\Think\Db\Driver\Mysql.class.php 第 52 行.
SQL: SHOW COLUMNS FROM `tp_termtime` [ RunTime:0.064874s ]
SQL: SELECT * FROM `tp_termtime`  [ RunTime:0.000211s ]
SQL: SHOW COLUMNS FROM `tp_stuitem` [ RunTime:0.020650s ]
SQL: SHOW COLUMNS FROM `tp_stubase` [ RunTime:0.005175s ]
SQL: SELECT * FROM `tp_stubase` WHERE ( stuid=1503150101 ) LIMIT 1   [ RunTime:0.000331s ]
SQL: select * from tp_stuitem where stuid='1503150101'and today='2018-02-24'  [ RunTime:0.010340s ]
SQL: INSERT INTO `tp_stuitem` (`today`,`stuid`,`nj`,`stuclass`,`stuname`,`ktxx`,`kwjz`,`zwzx`,`rjjw`,`tydl`,`kjcx`,`swyx`,`nwws`,`sthd`,`teacher`,`xq`) VALUES ('2018-02-24',1503150101,15,'测控1501','曹永芳',1,1,3,1,1,6,3,2,'1','易阳',6) [ RunTime:0.000364s ]

[ 2018-02-24T18:26:39+08:00 ] ::1 /time/index.php/Home/User/login
INFO: [ app_begin ] --START--
INFO: Run Behavior\ReadHtmlCacheBehavior [ RunTime:0.000970s ]
INFO: [ app_begin ] --END-- [ RunTime:0.001583s ]
NOTIC: [8192] mysql_connect(): The mysql extension is deprecated and will be removed in the future: use mysqli or PDO instead C:\wamp\www\time\ThinkPHP\Library\Think\Db\Driver\Mysql.class.php 第 52 行.
SQL: SHOW COLUMNS FROM `tp_loginfo` [ RunTime:0.005302s ]
SQL: SHOW COLUMNS FROM `tp_stubase` [ RunTime:0.006049s ]
SQL: SELECT * FROM `tp_stubase` WHERE ( stuid=1503150101 ) LIMIT 1   [ RunTime:0.000296s ]
SQL: INSERT INTO `tp_loginfo` (`stuid`,`stuname`,`nj`,`teacher`,`stuclass`,`logtime`) VALUES (1503150101,'曹永芳',15,'易阳','测控1501','2018-02-24 18:26:39') [ RunTime:0.000192s ]
SQL: SHOW COLUMNS FROM `tp_count` [ RunTime:0.003906s ]
SQL: SELECT * FROM `tp_count` WHERE ( id=0 ) LIMIT 1   [ RunTime:0.000159s ]
SQL: UPDATE `tp_count` SET `id`=0,`num`=119 WHERE ( id=0 ) [ RunTime:0.000176s ]

